Determining if the pthread_create exist failed with the following output:
Change Dir: /home/user/catkin_ws/src/robot/build/CMakeFiles/CMakeTmp

Run Build Command:"/usr/bin/make" "cmTC_f1fe0/fast"
/usr/bin/make -f CMakeFiles/cmTC_f1fe0.dir/build.make CMakeFiles/cmTC_f1fe0.dir/build
make[1]: Entering directory '/home/user/catkin_ws/src/robot/build/CMakeFiles/CMakeTmp'
Building C object CMakeFiles/cmTC_f1fe0.dir/CheckSymbolExists.c.o
/usr/bin/arm-linux-gnueabihf-gcc    -o CMakeFiles/cmTC_f1fe0.dir/CheckSymbolExists.c.o   -c /home/user/catkin_ws/src/robot/build/CMakeFiles/CMakeTmp/CheckSymbolExists.c
Linking C executable cmTC_f1fe0
/usr/bin/cmake -E cmake_link_script CMakeFiles/cmTC_f1fe0.dir/link.txt --verbose=1
/usr/bin/arm-linux-gnueabihf-gcc      -rdynamic CMakeFiles/cmTC_f1fe0.dir/CheckSymbolExists.c.o  -o cmTC_f1fe0 
CMakeFiles/cmTC_f1fe0.dir/CheckSymbolExists.c.o: In function `main':
CheckSymbolExists.c:(.text+0x2c): undefined reference to `pthread_create'
collect2: error: ld returned 1 exit status
CMakeFiles/cmTC_f1fe0.dir/build.make:97: recipe for target 'cmTC_f1fe0' failed
make[1]: *** [cmTC_f1fe0] Error 1
make[1]: Leaving directory '/home/user/catkin_ws/src/robot/build/CMakeFiles/CMakeTmp'
Makefile:126: recipe for target 'cmTC_f1fe0/fast' failed
make: *** [cmTC_f1fe0/fast] Error 2

File /home/user/catkin_ws/src/robot/build/CMakeFiles/CMakeTmp/CheckSymbolExists.c:
/* */
#include <pthread.h>

int main(int argc, char** argv)
{
  (void)argv;
#ifndef pthread_create
  return ((int*)(&pthread_create))[argc];
#else
  (void)argc;
  return 0;
#endif
}

Determining if the function pthread_create exists in the pthreads failed with the following output:
Change Dir: /home/user/catkin_ws/src/robot/build/CMakeFiles/CMakeTmp

Run Build Command:"/usr/bin/make" "cmTC_7ce8e/fast"
/usr/bin/make -f CMakeFiles/cmTC_7ce8e.dir/build.make CMakeFiles/cmTC_7ce8e.dir/build
make[1]: Entering directory '/home/user/catkin_ws/src/robot/build/CMakeFiles/CMakeTmp'
Building C object CMakeFiles/cmTC_7ce8e.dir/CheckFunctionExists.c.o
/usr/bin/arm-linux-gnueabihf-gcc   -DCHECK_FUNCTION_EXISTS=pthread_create   -o CMakeFiles/cmTC_7ce8e.dir/CheckFunctionExists.c.o   -c /usr/share/cmake-3.10/Modules/CheckFunctionExists.c
Linking C executable cmTC_7ce8e
/usr/bin/cmake -E cmake_link_script CMakeFiles/cmTC_7ce8e.dir/link.txt --verbose=1
/usr/bin/arm-linux-gnueabihf-gcc  -DCHECK_FUNCTION_EXISTS=pthread_create    -rdynamic CMakeFiles/cmTC_7ce8e.dir/CheckFunctionExists.c.o  -o cmTC_7ce8e -lpthreads 
/usr/bin/ld: cannot find -lpthreads
collect2: error: ld returned 1 exit status
CMakeFiles/cmTC_7ce8e.dir/build.make:97: recipe for target 'cmTC_7ce8e' failed
make[1]: *** [cmTC_7ce8e] Error 1
make[1]: Leaving directory '/home/user/catkin_ws/src/robot/build/CMakeFiles/CMakeTmp'
Makefile:126: recipe for target 'cmTC_7ce8e/fast' failed
make: *** [cmTC_7ce8e/fast] Error 2


